Mon, 06 Nov 2023 08:05:31 GMT	/account	undefined
Mon, 06 Nov 2023 08:05:31 GMT	/favicon-32x32.ico	undefined
Mon, 06 Nov 2023 08:05:33 GMT	/	undefined
Mon, 06 Nov 2023 08:05:33 GMT	/index.css	undefined
Mon, 06 Nov 2023 08:05:33 GMT	/icon-home.svg	undefined
Mon, 06 Nov 2023 08:05:55 GMT	/	https://www.google.co.uk
Mon, 06 Nov 2023 08:05:55 GMT	/	https://www.google.co.uk
Tue, 07 Nov 2023 06:19:11 GMT	/	undefined
Tue, 07 Nov 2023 06:19:11 GMT	/index.css	undefined
Tue, 07 Nov 2023 06:19:11 GMT	/icon-home.svg	undefined
Tue, 07 Nov 2023 06:19:11 GMT	/pexels-pixabay-531880.jpg	undefined
Tue, 07 Nov 2023 06:29:36 GMT	/	undefined
Tue, 07 Nov 2023 06:31:27 GMT	/	undefined
Tue, 07 Nov 2023 06:31:27 GMT	/index.css	undefined
Tue, 07 Nov 2023 06:31:27 GMT	/icon-home.svg	undefined
Tue, 07 Nov 2023 06:31:27 GMT	/pexels-pixabay-531880.jpg	undefined
Tue, 07 Nov 2023 06:31:27 GMT	/favicon-32x32.png	undefined
Tue, 07 Nov 2023 06:32:05 GMT	/	https://www.google.co.uk
Tue, 07 Nov 2023 06:32:05 GMT	/	https://www.google.co.uk
Tue, 07 Nov 2023 06:33:32 GMT	/	undefined
Tue, 07 Nov 2023 06:33:32 GMT	/icon-home.svg	undefined
Tue, 07 Nov 2023 06:33:32 GMT	/index.css	undefined
Tue, 07 Nov 2023 06:33:32 GMT	/pexels-pixabay-531880.jpg	undefined
Tue, 07 Nov 2023 06:33:32 GMT	/favicon-32x32.png	undefined
Tue, 07 Nov 2023 06:33:36 GMT	/account	undefined
Tue, 07 Nov 2023 06:33:37 GMT	/favicon-32x32.ico	undefined
Tue, 07 Nov 2023 06:33:38 GMT	/	undefined
Tue, 07 Nov 2023 06:33:38 GMT	/index.css	undefined
Tue, 07 Nov 2023 06:33:38 GMT	/icon-home.svg	undefined
